{"C:\\Users\\Roxi\\smart-travel-planner\\backend\\app.js": {"path":"C:\\Users\\Roxi\\smart-travel-planner\\backend\\app.js","statementMap":{"0":{"start":{"line":5,"column":11},"end":{"line":5,"column":21}},"1":{"start":{"line":7,"column":0},"end":{"line":7,"column":16}},"2":{"start":{"line":8,"column":0},"end":{"line":8,"column":24}},"3":{"start":{"line":10,"column":0},"end":{"line":14,"column":3}},"4":{"start":{"line":11,"column":2},"end":{"line":13,"column":5}},"5":{"start":{"line":16,"column":0},"end":{"line":16,"column":35}}},"fnMap":{"0":{"name":"(anonymous_0)","decl":{"start":{"line":10,"column":13},"end":{"line":10,"column":14}},"loc":{"start":{"line":10,"column":27},"end":{"line":14,"column":1}},"line":10}},"branchMap":{},"s":{"0":1,"1":1,"2":1,"3":1,"4":0,"5":1},"f":{"0":0},"b":{},"meta":{"lastBranch":0,"lastFunction":1,"lastStatement":6,"seen":{"s:5:11:5:21":0,"s:7:0:7:16":1,"s:8:0:8:24":2,"s:10:0:14:3":3,"f:10:13:10:14":0,"s:11:2:13:5":4,"s:16:0:16:35":5}}}
,"C:\\Users\\Roxi\\smart-travel-planner\\backend\\controllers\\tripsController.js": {"path":"C:\\Users\\Roxi\\smart-travel-planner\\backend\\controllers\\tripsController.js","statementMap":{"0":{"start":{"line":18,"column":17},"end":{"line":18,"column":19}},"1":{"start":{"line":19,"column":2},"end":{"line":21,"column":3}},"2":{"start":{"line":20,"column":4},"end":{"line":20,"column":48}},"3":{"start":{"line":22,"column":2},"end":{"line":26,"column":3}},"4":{"start":{"line":23,"column":4},"end":{"line":23,"column":50}},"5":{"start":{"line":24,"column":9},"end":{"line":26,"column":3}},"6":{"start":{"line":25,"column":4},"end":{"line":25,"column":64}},"7":{"start":{"line":27,"column":2},"end":{"line":29,"column":3}},"8":{"start":{"line":28,"column":4},"end":{"line":28,"column":54}},"9":{"start":{"line":30,"column":2},"end":{"line":30,"column":16}},"10":{"start":{"line":34,"column":79},"end":{"line":34,"column":88}},"11":{"start":{"line":35,"column":18},"end":{"line":35,"column":20}},"12":{"start":{"line":36,"column":2},"end":{"line":36,"column":44}},"13":{"start":{"line":36,"column":16},"end":{"line":36,"column":44}},"14":{"start":{"line":37,"column":2},"end":{"line":37,"column":53}},"15":{"start":{"line":37,"column":19},"end":{"line":37,"column":53}},"16":{"start":{"line":38,"column":2},"end":{"line":38,"column":55}},"17":{"start":{"line":38,"column":17},"end":{"line":38,"column":55}},"18":{"start":{"line":39,"column":2},"end":{"line":39,"column":55}},"19":{"start":{"line":39,"column":17},"end":{"line":39,"column":55}},"20":{"start":{"line":40,"column":17},"end":{"line":40,"column":56}},"21":{"start":{"line":41,"column":2},"end":{"line":41,"column":31}},"22":{"start":{"line":45,"column":15},"end":{"line":45,"column":47}},"23":{"start":{"line":46,"column":2},"end":{"line":46,"column":73}},"24":{"start":{"line":46,"column":13},"end":{"line":46,"column":73}},"25":{"start":{"line":47,"column":2},"end":{"line":47,"column":29}},"26":{"start":{"line":51,"column":16},"end":{"line":51,"column":39}},"27":{"start":{"line":52,"column":2},"end":{"line":52,"column":109}},"28":{"start":{"line":52,"column":38},"end":{"line":52,"column":109}},"29":{"start":{"line":53,"column":18},"end":{"line":53,"column":44}},"30":{"start":{"line":54,"column":2},"end":{"line":54,"column":32}},"31":{"start":{"line":58,"column":16},"end":{"line":58,"column":39}},"32":{"start":{"line":59,"column":2},"end":{"line":59,"column":109}},"33":{"start":{"line":59,"column":38},"end":{"line":59,"column":109}},"34":{"start":{"line":60,"column":22},"end":{"line":60,"column":63}},"35":{"start":{"line":61,"column":2},"end":{"line":61,"column":80}},"36":{"start":{"line":61,"column":20},"end":{"line":61,"column":80}},"37":{"start":{"line":62,"column":2},"end":{"line":62,"column":36}},"38":{"start":{"line":66,"column":22},"end":{"line":66,"column":53}},"39":{"start":{"line":67,"column":2},"end":{"line":67,"column":80}},"40":{"start":{"line":67,"column":20},"end":{"line":67,"column":80}},"41":{"start":{"line":68,"column":2},"end":{"line":68,"column":79}},"42":{"start":{"line":72,"column":16},"end":{"line":72,"column":41}},"43":{"start":{"line":73,"column":2},"end":{"line":73,"column":30}},"44":{"start":{"line":77,"column":19},"end":{"line":77,"column":55}},"45":{"start":{"line":78,"column":2},"end":{"line":78,"column":85}},"46":{"start":{"line":78,"column":25},"end":{"line":78,"column":85}},"47":{"start":{"line":79,"column":2},"end":{"line":79,"column":33}},"48":{"start":{"line":83,"column":17},"end":{"line":83,"column":42}},"49":{"start":{"line":84,"column":2},"end":{"line":84,"column":117}},"50":{"start":{"line":84,"column":38},"end":{"line":84,"column":117}},"51":{"start":{"line":85,"column":21},"end":{"line":85,"column":68}},"52":{"start":{"line":86,"column":2},"end":{"line":86,"column":87}},"53":{"start":{"line":86,"column":27},"end":{"line":86,"column":87}},"54":{"start":{"line":87,"column":2},"end":{"line":87,"column":35}},"55":{"start":{"line":91,"column":17},"end":{"line":91,"column":42}},"56":{"start":{"line":92,"column":2},"end":{"line":92,"column":117}},"57":{"start":{"line":92,"column":38},"end":{"line":92,"column":117}},"58":{"start":{"line":93,"column":25},"end":{"line":93,"column":99}},"59":{"start":{"line":94,"column":2},"end":{"line":94,"column":91}},"60":{"start":{"line":94,"column":31},"end":{"line":94,"column":91}},"61":{"start":{"line":95,"column":2},"end":{"line":95,"column":99}},"62":{"start":{"line":95,"column":36},"end":{"line":95,"column":99}},"63":{"start":{"line":96,"column":2},"end":{"line":96,"column":39}},"64":{"start":{"line":100,"column":25},"end":{"line":100,"column":89}},"65":{"start":{"line":101,"column":2},"end":{"line":101,"column":91}},"66":{"start":{"line":101,"column":31},"end":{"line":101,"column":91}},"67":{"start":{"line":102,"column":2},"end":{"line":102,"column":99}},"68":{"start":{"line":102,"column":36},"end":{"line":102,"column":99}},"69":{"start":{"line":103,"column":2},"end":{"line":103,"column":85}},"70":{"start":{"line":107,"column":16},"end":{"line":107,"column":61}},"71":{"start":{"line":108,"column":2},"end":{"line":108,"column":82}},"72":{"start":{"line":108,"column":22},"end":{"line":108,"column":82}},"73":{"start":{"line":109,"column":2},"end":{"line":109,"column":30}},"74":{"start":{"line":113,"column":17},"end":{"line":113,"column":51}},"75":{"start":{"line":114,"column":2},"end":{"line":114,"column":31}},"76":{"start":{"line":118,"column":17},"end":{"line":118,"column":50}},"77":{"start":{"line":119,"column":2},"end":{"line":119,"column":31}}},"fnMap":{"0":{"name":"validateExpense","decl":{"start":{"line":17,"column":9},"end":{"line":17,"column":24}},"loc":{"start":{"line":17,"column":38},"end":{"line":31,"column":1}},"line":17},"1":{"name":"handleGetAllTrips","decl":{"start":{"line":33,"column":22},"end":{"line":33,"column":39}},"loc":{"start":{"line":33,"column":50},"end":{"line":42,"column":1}},"line":33},"2":{"name":"handleGetTripById","decl":{"start":{"line":44,"column":22},"end":{"line":44,"column":39}},"loc":{"start":{"line":44,"column":50},"end":{"line":48,"column":1}},"line":44},"3":{"name":"handleCreateTrip","decl":{"start":{"line":50,"column":22},"end":{"line":50,"column":38}},"loc":{"start":{"line":50,"column":49},"end":{"line":55,"column":1}},"line":50},"4":{"name":"handleUpdateTrip","decl":{"start":{"line":57,"column":22},"end":{"line":57,"column":38}},"loc":{"start":{"line":57,"column":49},"end":{"line":63,"column":1}},"line":57},"5":{"name":"handleDeleteTrip","decl":{"start":{"line":65,"column":22},"end":{"line":65,"column":38}},"loc":{"start":{"line":65,"column":49},"end":{"line":69,"column":1}},"line":65},"6":{"name":"handleGetTripStatistics","decl":{"start":{"line":71,"column":22},"end":{"line":71,"column":45}},"loc":{"start":{"line":71,"column":56},"end":{"line":74,"column":1}},"line":71},"7":{"name":"handleGetTripExpenses","decl":{"start":{"line":76,"column":22},"end":{"line":76,"column":43}},"loc":{"start":{"line":76,"column":54},"end":{"line":80,"column":1}},"line":76},"8":{"name":"handleAddTripExpense","decl":{"start":{"line":82,"column":22},"end":{"line":82,"column":42}},"loc":{"start":{"line":82,"column":53},"end":{"line":88,"column":1}},"line":82},"9":{"name":"handleUpdateTripExpense","decl":{"start":{"line":90,"column":22},"end":{"line":90,"column":45}},"loc":{"start":{"line":90,"column":56},"end":{"line":97,"column":1}},"line":90},"10":{"name":"handleDeleteTripExpense","decl":{"start":{"line":99,"column":22},"end":{"line":99,"column":45}},"loc":{"start":{"line":99,"column":56},"end":{"line":104,"column":1}},"line":99},"11":{"name":"handleGetTripExpenseStatistics","decl":{"start":{"line":106,"column":22},"end":{"line":106,"column":52}},"loc":{"start":{"line":106,"column":63},"end":{"line":110,"column":1}},"line":106},"12":{"name":"startGenerator","decl":{"start":{"line":112,"column":16},"end":{"line":112,"column":30}},"loc":{"start":{"line":112,"column":41},"end":{"line":115,"column":1}},"line":112},"13":{"name":"stopGenerator","decl":{"start":{"line":117,"column":16},"end":{"line":117,"column":29}},"loc":{"start":{"line":117,"column":40},"end":{"line":120,"column":null}},"line":117}},"branchMap":{"0":{"loc":{"start":{"line":19,"column":2},"end":{"line":21,"column":3}},"type":"if","locations":[{"start":{"line":19,"column":2},"end":{"line":21,"column":3}},{"start":{},"end":{}}],"line":19},"1":{"loc":{"start":{"line":19,"column":6},"end":{"line":19,"column":53}},"type":"binary-expr","locations":[{"start":{"line":19,"column":6},"end":{"line":19,"column":24}},{"start":{"line":19,"column":28},"end":{"line":19,"column":53}}],"line":19},"2":{"loc":{"start":{"line":22,"column":2},"end":{"line":26,"column":3}},"type":"if","locations":[{"start":{"line":22,"column":2},"end":{"line":26,"column":3}},{"start":{"line":24,"column":9},"end":{"line":26,"column":3}}],"line":22},"3":{"loc":{"start":{"line":22,"column":6},"end":{"line":22,"column":98}},"type":"binary-expr","locations":[{"start":{"line":22,"column":6},"end":{"line":22,"column":38}},{"start":{"line":22,"column":42},"end":{"line":22,"column":69}},{"start":{"line":22,"column":73},"end":{"line":22,"column":98}}],"line":22},"4":{"loc":{"start":{"line":24,"column":9},"end":{"line":26,"column":3}},"type":"if","locations":[{"start":{"line":24,"column":9},"end":{"line":26,"column":3}},{"start":{},"end":{}}],"line":24},"5":{"loc":{"start":{"line":27,"column":2},"end":{"line":29,"column":3}},"type":"if","locations":[{"start":{"line":27,"column":2},"end":{"line":29,"column":3}},{"start":{},"end":{}}],"line":27},"6":{"loc":{"start":{"line":27,"column":6},"end":{"line":27,"column":59}},"type":"binary-expr","locations":[{"start":{"line":27,"column":6},"end":{"line":27,"column":27}},{"start":{"line":27,"column":31},"end":{"line":27,"column":59}}],"line":27},"7":{"loc":{"start":{"line":34,"column":10},"end":{"line":34,"column":18}},"type":"default-arg","locations":[{"start":{"line":34,"column":17},"end":{"line":34,"column":18}}],"line":34},"8":{"loc":{"start":{"line":34,"column":20},"end":{"line":34,"column":29}},"type":"default-arg","locations":[{"start":{"line":34,"column":28},"end":{"line":34,"column":29}}],"line":34},"9":{"loc":{"start":{"line":36,"column":2},"end":{"line":36,"column":44}},"type":"if","locations":[{"start":{"line":36,"column":2},"end":{"line":36,"column":44}},{"start":{},"end":{}}],"line":36},"10":{"loc":{"start":{"line":37,"column":2},"end":{"line":37,"column":53}},"type":"if","locations":[{"start":{"line":37,"column":2},"end":{"line":37,"column":53}},{"start":{},"end":{}}],"line":37},"11":{"loc":{"start":{"line":38,"column":2},"end":{"line":38,"column":55}},"type":"if","locations":[{"start":{"line":38,"column":2},"end":{"line":38,"column":55}},{"start":{},"end":{}}],"line":38},"12":{"loc":{"start":{"line":39,"column":2},"end":{"line":39,"column":55}},"type":"if","locations":[{"start":{"line":39,"column":2},"end":{"line":39,"column":55}},{"start":{},"end":{}}],"line":39},"13":{"loc":{"start":{"line":46,"column":2},"end":{"line":46,"column":73}},"type":"if","locations":[{"start":{"line":46,"column":2},"end":{"line":46,"column":73}},{"start":{},"end":{}}],"line":46},"14":{"loc":{"start":{"line":52,"column":2},"end":{"line":52,"column":109}},"type":"if","locations":[{"start":{"line":52,"column":2},"end":{"line":52,"column":109}},{"start":{},"end":{}}],"line":52},"15":{"loc":{"start":{"line":59,"column":2},"end":{"line":59,"column":109}},"type":"if","locations":[{"start":{"line":59,"column":2},"end":{"line":59,"column":109}},{"start":{},"end":{}}],"line":59},"16":{"loc":{"start":{"line":61,"column":2},"end":{"line":61,"column":80}},"type":"if","locations":[{"start":{"line":61,"column":2},"end":{"line":61,"column":80}},{"start":{},"end":{}}],"line":61},"17":{"loc":{"start":{"line":67,"column":2},"end":{"line":67,"column":80}},"type":"if","locations":[{"start":{"line":67,"column":2},"end":{"line":67,"column":80}},{"start":{},"end":{}}],"line":67},"18":{"loc":{"start":{"line":78,"column":2},"end":{"line":78,"column":85}},"type":"if","locations":[{"start":{"line":78,"column":2},"end":{"line":78,"column":85}},{"start":{},"end":{}}],"line":78},"19":{"loc":{"start":{"line":84,"column":2},"end":{"line":84,"column":117}},"type":"if","locations":[{"start":{"line":84,"column":2},"end":{"line":84,"column":117}},{"start":{},"end":{}}],"line":84},"20":{"loc":{"start":{"line":86,"column":2},"end":{"line":86,"column":87}},"type":"if","locations":[{"start":{"line":86,"column":2},"end":{"line":86,"column":87}},{"start":{},"end":{}}],"line":86},"21":{"loc":{"start":{"line":92,"column":2},"end":{"line":92,"column":117}},"type":"if","locations":[{"start":{"line":92,"column":2},"end":{"line":92,"column":117}},{"start":{},"end":{}}],"line":92},"22":{"loc":{"start":{"line":94,"column":2},"end":{"line":94,"column":91}},"type":"if","locations":[{"start":{"line":94,"column":2},"end":{"line":94,"column":91}},{"start":{},"end":{}}],"line":94},"23":{"loc":{"start":{"line":95,"column":2},"end":{"line":95,"column":99}},"type":"if","locations":[{"start":{"line":95,"column":2},"end":{"line":95,"column":99}},{"start":{},"end":{}}],"line":95},"24":{"loc":{"start":{"line":101,"column":2},"end":{"line":101,"column":91}},"type":"if","locations":[{"start":{"line":101,"column":2},"end":{"line":101,"column":91}},{"start":{},"end":{}}],"line":101},"25":{"loc":{"start":{"line":102,"column":2},"end":{"line":102,"column":99}},"type":"if","locations":[{"start":{"line":102,"column":2},"end":{"line":102,"column":99}},{"start":{},"end":{}}],"line":102},"26":{"loc":{"start":{"line":108,"column":2},"end":{"line":108,"column":82}},"type":"if","locations":[{"start":{"line":108,"column":2},"end":{"line":108,"column":82}},{"start":{},"end":{}}],"line":108}},"s":{"0":5,"1":5,"2":1,"3":5,"4":1,"5":4,"6":0,"7":5,"8":1,"9":5,"10":5,"11":5,"12":5,"13":1,"14":5,"15":1,"16":5,"17":1,"18":5,"19":1,"20":5,"21":5,"22":2,"23":2,"24":1,"25":1,"26":2,"27":2,"28":1,"29":1,"30":1,"31":2,"32":2,"33":0,"34":2,"35":2,"36":1,"37":1,"38":2,"39":2,"40":1,"41":1,"42":1,"43":1,"44":2,"45":2,"46":1,"47":1,"48":3,"49":3,"50":1,"51":2,"52":2,"53":1,"54":1,"55":2,"56":2,"57":0,"58":2,"59":2,"60":0,"61":2,"62":1,"63":1,"64":2,"65":2,"66":0,"67":2,"68":1,"69":1,"70":2,"71":2,"72":1,"73":1,"74":0,"75":0,"76":0,"77":0},"f":{"0":5,"1":5,"2":2,"3":2,"4":2,"5":2,"6":1,"7":2,"8":3,"9":2,"10":2,"11":2,"12":0,"13":0},"b":{"0":[1,4],"1":[5,4],"2":[1,4],"3":[5,5,5],"4":[0,4],"5":[1,4],"6":[5,4],"7":[5],"8":[5],"9":[1,4],"10":[1,4],"11":[1,4],"12":[1,4],"13":[1,1],"14":[1,1],"15":[0,2],"16":[1,1],"17":[1,1],"18":[1,1],"19":[1,2],"20":[1,1],"21":[0,2],"22":[0,2],"23":[1,1],"24":[0,2],"25":[1,1],"26":[1,1]},"meta":{"lastBranch":27,"lastFunction":14,"lastStatement":78,"seen":{"f:17:9:17:24":0,"s:18:17:18:19":0,"b:19:2:21:3:undefined:undefined:undefined:undefined":0,"s:19:2:21:3":1,"b:19:6:19:24:19:28:19:53":1,"s:20:4:20:48":2,"b:22:2:26:3:24:9:26:3":2,"s:22:2:26:3":3,"b:22:6:22:38:22:42:22:69:22:73:22:98":3,"s:23:4:23:50":4,"b:24:9:26:3:undefined:undefined:undefined:undefined":4,"s:24:9:26:3":5,"s:25:4:25:64":6,"b:27:2:29:3:undefined:undefined:undefined:undefined":5,"s:27:2:29:3":7,"b:27:6:27:27:27:31:27:59":6,"s:28:4:28:54":8,"s:30:2:30:16":9,"f:33:22:33:39":1,"s:34:79:34:88":10,"b:34:17:34:18":7,"b:34:28:34:29":8,"s:35:18:35:20":11,"b:36:2:36:44:undefined:undefined:undefined:undefined":9,"s:36:2:36:44":12,"s:36:16:36:44":13,"b:37:2:37:53:undefined:undefined:undefined:undefined":10,"s:37:2:37:53":14,"s:37:19:37:53":15,"b:38:2:38:55:undefined:undefined:undefined:undefined":11,"s:38:2:38:55":16,"s:38:17:38:55":17,"b:39:2:39:55:undefined:undefined:undefined:undefined":12,"s:39:2:39:55":18,"s:39:17:39:55":19,"s:40:17:40:56":20,"s:41:2:41:31":21,"f:44:22:44:39":2,"s:45:15:45:47":22,"b:46:2:46:73:undefined:undefined:undefined:undefined":13,"s:46:2:46:73":23,"s:46:13:46:73":24,"s:47:2:47:29":25,"f:50:22:50:38":3,"s:51:16:51:39":26,"b:52:2:52:109:undefined:undefined:undefined:undefined":14,"s:52:2:52:109":27,"s:52:38:52:109":28,"s:53:18:53:44":29,"s:54:2:54:32":30,"f:57:22:57:38":4,"s:58:16:58:39":31,"b:59:2:59:109:undefined:undefined:undefined:undefined":15,"s:59:2:59:109":32,"s:59:38:59:109":33,"s:60:22:60:63":34,"b:61:2:61:80:undefined:undefined:undefined:undefined":16,"s:61:2:61:80":35,"s:61:20:61:80":36,"s:62:2:62:36":37,"f:65:22:65:38":5,"s:66:22:66:53":38,"b:67:2:67:80:undefined:undefined:undefined:undefined":17,"s:67:2:67:80":39,"s:67:20:67:80":40,"s:68:2:68:79":41,"f:71:22:71:45":6,"s:72:16:72:41":42,"s:73:2:73:30":43,"f:76:22:76:43":7,"s:77:19:77:55":44,"b:78:2:78:85:undefined:undefined:undefined:undefined":18,"s:78:2:78:85":45,"s:78:25:78:85":46,"s:79:2:79:33":47,"f:82:22:82:42":8,"s:83:17:83:42":48,"b:84:2:84:117:undefined:undefined:undefined:undefined":19,"s:84:2:84:117":49,"s:84:38:84:117":50,"s:85:21:85:68":51,"b:86:2:86:87:undefined:undefined:undefined:undefined":20,"s:86:2:86:87":52,"s:86:27:86:87":53,"s:87:2:87:35":54,"f:90:22:90:45":9,"s:91:17:91:42":55,"b:92:2:92:117:undefined:undefined:undefined:undefined":21,"s:92:2:92:117":56,"s:92:38:92:117":57,"s:93:25:93:99":58,"b:94:2:94:91:undefined:undefined:undefined:undefined":22,"s:94:2:94:91":59,"s:94:31:94:91":60,"b:95:2:95:99:undefined:undefined:undefined:undefined":23,"s:95:2:95:99":61,"s:95:36:95:99":62,"s:96:2:96:39":63,"f:99:22:99:45":10,"s:100:25:100:89":64,"b:101:2:101:91:undefined:undefined:undefined:undefined":24,"s:101:2:101:91":65,"s:101:31:101:91":66,"b:102:2:102:99:undefined:undefined:undefined:undefined":25,"s:102:2:102:99":67,"s:102:36:102:99":68,"s:103:2:103:85":69,"f:106:22:106:52":11,"s:107:16:107:61":70,"b:108:2:108:82:undefined:undefined:undefined:undefined":26,"s:108:2:108:82":71,"s:108:22:108:82":72,"s:109:2:109:30":73,"f:112:16:112:30":12,"s:113:17:113:51":74,"s:114:2:114:31":75,"f:117:16:117:29":13,"s:118:17:118:50":76,"s:119:2:119:31":77}}}
,"C:\\Users\\Roxi\\smart-travel-planner\\backend\\database\\db.js": {"path":"C:\\Users\\Roxi\\smart-travel-planner\\backend\\database\\db.js","statementMap":{"0":{"start":{"line":5,"column":18},"end":{"line":5,"column":62}},"1":{"start":{"line":7,"column":18},"end":{"line":11,"column":2}}},"fnMap":{},"branchMap":{},"s":{"0":2,"1":2},"f":{},"b":{},"meta":{"lastBranch":0,"lastFunction":0,"lastStatement":2,"seen":{"s:5:18:5:62":0,"s:7:18:11:2":1}}}
,"C:\\Users\\Roxi\\smart-travel-planner\\backend\\database\\init.js": {"path":"C:\\Users\\Roxi\\smart-travel-planner\\backend\\database\\init.js","statementMap":{"0":{"start":{"line":5,"column":17},"end":{"line":118,"column":1}},"1":{"start":{"line":122,"column":2},"end":{"line":122,"column":40}},"2":{"start":{"line":125,"column":16},"end":{"line":125,"column":34}},"3":{"start":{"line":126,"column":2},"end":{"line":137,"column":3}},"4":{"start":{"line":127,"column":4},"end":{"line":133,"column":5}},"5":{"start":{"line":128,"column":42},"end":{"line":128,"column":50}},"6":{"start":{"line":129,"column":19},"end":{"line":129,"column":48}},"7":{"start":{"line":130,"column":6},"end":{"line":132,"column":7}},"8":{"start":{"line":131,"column":8},"end":{"line":131,"column":62}},"9":{"start":{"line":134,"column":4},"end":{"line":134,"column":54}},"10":{"start":{"line":136,"column":4},"end":{"line":136,"column":71}}},"fnMap":{"0":{"name":"initDatabase","decl":{"start":{"line":120,"column":22},"end":{"line":120,"column":34}},"loc":{"start":{"line":120,"column":37},"end":{"line":138,"column":1}},"line":120}},"branchMap":{"0":{"loc":{"start":{"line":126,"column":2},"end":{"line":137,"column":3}},"type":"if","locations":[{"start":{"line":126,"column":2},"end":{"line":137,"column":3}},{"start":{"line":135,"column":9},"end":{"line":137,"column":3}}],"line":126}},"s":{"0":2,"1":0,"2":0,"3":0,"4":0,"5":0,"6":0,"7":0,"8":0,"9":0,"10":0},"f":{"0":0},"b":{"0":[0,0]},"meta":{"lastBranch":1,"lastFunction":1,"lastStatement":11,"seen":{"s:5:17:118:1":0,"f:120:22:120:34":0,"s:122:2:122:40":1,"s:125:16:125:34":2,"b:126:2:137:3:135:9:137:3":0,"s:126:2:137:3":3,"s:127:4:133:5":4,"s:128:42:128:50":5,"s:129:19:129:48":6,"s:130:6:132:7":7,"s:131:8:131:62":8,"s:134:4:134:54":9,"s:136:4:136:71":10}}}
,"C:\\Users\\Roxi\\smart-travel-planner\\backend\\generator\\tripGenerator.js": {"path":"C:\\Users\\Roxi\\smart-travel-planner\\backend\\generator\\tripGenerator.js","statementMap":{"0":{"start":{"line":5,"column":24},"end":{"line":5,"column":28}},"1":{"start":{"line":8,"column":2},"end":{"line":16,"column":5}},"2":{"start":{"line":20,"column":20},"end":{"line":20,"column":49}},"3":{"start":{"line":21,"column":18},"end":{"line":21,"column":67}},"4":{"start":{"line":23,"column":2},"end":{"line":26,"column":4}},"5":{"start":{"line":30,"column":19},"end":{"line":30,"column":21}},"6":{"start":{"line":32,"column":2},"end":{"line":50,"column":3}},"7":{"start":{"line":32,"column":15},"end":{"line":32,"column":16}},"8":{"start":{"line":33,"column":35},"end":{"line":33,"column":59}},"9":{"start":{"line":34,"column":19},"end":{"line":34,"column":60}},"10":{"start":{"line":35,"column":18},"end":{"line":35,"column":59}},"11":{"start":{"line":37,"column":17},"end":{"line":47,"column":6}},"12":{"start":{"line":49,"column":4},"end":{"line":49,"column":24}},"13":{"start":{"line":52,"column":2},"end":{"line":52,"column":18}},"14":{"start":{"line":56,"column":2},"end":{"line":60,"column":3}},"15":{"start":{"line":57,"column":4},"end":{"line":59,"column":6}},"16":{"start":{"line":62,"column":2},"end":{"line":71,"column":11}},"17":{"start":{"line":63,"column":27},"end":{"line":63,"column":53}},"18":{"start":{"line":65,"column":4},"end":{"line":68,"column":6}},"19":{"start":{"line":67,"column":35},"end":{"line":67,"column":48}},"20":{"start":{"line":70,"column":3},"end":{"line":70,"column":38}},"21":{"start":{"line":73,"column":2},"end":{"line":75,"column":4}},"22":{"start":{"line":79,"column":2},"end":{"line":83,"column":3}},"23":{"start":{"line":80,"column":4},"end":{"line":82,"column":6}},"24":{"start":{"line":85,"column":2},"end":{"line":85,"column":35}},"25":{"start":{"line":86,"column":2},"end":{"line":86,"column":27}},"26":{"start":{"line":88,"column":2},"end":{"line":90,"column":4}},"27":{"start":{"line":94,"column":2},"end":{"line":94,"column":36}}},"fnMap":{"0":{"name":"getRandomCategory","decl":{"start":{"line":7,"column":9},"end":{"line":7,"column":26}},"loc":{"start":{"line":7,"column":29},"end":{"line":17,"column":1}},"line":7},"1":{"name":"generateValidDateRange","decl":{"start":{"line":19,"column":9},"end":{"line":19,"column":31}},"loc":{"start":{"line":19,"column":34},"end":{"line":27,"column":1}},"line":19},"2":{"name":"generateFakeBatch","decl":{"start":{"line":29,"column":22},"end":{"line":29,"column":39}},"loc":{"start":{"line":29,"column":55},"end":{"line":53,"column":1}},"line":29},"3":{"name":"startFakeGenerator","decl":{"start":{"line":55,"column":16},"end":{"line":55,"column":34}},"loc":{"start":{"line":55,"column":37},"end":{"line":76,"column":1}},"line":55},"4":{"name":"(anonymous_4)","decl":{"start":{"line":62,"column":34},"end":{"line":62,"column":39}},"loc":{"start":{"line":62,"column":46},"end":{"line":71,"column":3}},"line":62},"5":{"name":"(anonymous_5)","decl":{"start":{"line":67,"column":25},"end":{"line":67,"column":26}},"loc":{"start":{"line":67,"column":35},"end":{"line":67,"column":48}},"line":67},"6":{"name":"stopFakeGenerator","decl":{"start":{"line":78,"column":16},"end":{"line":78,"column":33}},"loc":{"start":{"line":78,"column":36},"end":{"line":91,"column":1}},"line":78},"7":{"name":"isFakeGeneratorRunning","decl":{"start":{"line":93,"column":16},"end":{"line":93,"column":38}},"loc":{"start":{"line":93,"column":41},"end":{"line":95,"column":null}},"line":93}},"branchMap":{"0":{"loc":{"start":{"line":29,"column":40},"end":{"line":29,"column":53}},"type":"default-arg","locations":[{"start":{"line":29,"column":52},"end":{"line":29,"column":53}}],"line":29},"1":{"loc":{"start":{"line":56,"column":2},"end":{"line":60,"column":3}},"type":"if","locations":[{"start":{"line":56,"column":2},"end":{"line":60,"column":3}},{"start":{},"end":{}}],"line":56},"2":{"loc":{"start":{"line":79,"column":2},"end":{"line":83,"column":3}},"type":"if","locations":[{"start":{"line":79,"column":2},"end":{"line":83,"column":3}},{"start":{},"end":{}}],"line":79}},"s":{"0":1,"1":0,"2":0,"3":0,"4":0,"5":0,"6":0,"7":0,"8":0,"9":0,"10":0,"11":0,"12":0,"13":0,"14":0,"15":0,"16":0,"17":0,"18":0,"19":0,"20":0,"21":0,"22":0,"23":0,"24":0,"25":0,"26":0,"27":0},"f":{"0":0,"1":0,"2":0,"3":0,"4":0,"5":0,"6":0,"7":0},"b":{"0":[0],"1":[0,0],"2":[0,0]},"meta":{"lastBranch":3,"lastFunction":8,"lastStatement":28,"seen":{"s:5:24:5:28":0,"f:7:9:7:26":0,"s:8:2:16:5":1,"f:19:9:19:31":1,"s:20:20:20:49":2,"s:21:18:21:67":3,"s:23:2:26:4":4,"f:29:22:29:39":2,"b:29:52:29:53":0,"s:30:19:30:21":5,"s:32:2:50:3":6,"s:32:15:32:16":7,"s:33:35:33:59":8,"s:34:19:34:60":9,"s:35:18:35:59":10,"s:37:17:47:6":11,"s:49:4:49:24":12,"s:52:2:52:18":13,"f:55:16:55:34":3,"b:56:2:60:3:undefined:undefined:undefined:undefined":1,"s:56:2:60:3":14,"s:57:4:59:6":15,"s:62:2:71:11":16,"f:62:34:62:39":4,"s:63:27:63:53":17,"s:65:4:68:6":18,"f:67:25:67:26":5,"s:67:35:67:48":19,"s:70:3:70:38":20,"s:73:2:75:4":21,"f:78:16:78:33":6,"b:79:2:83:3:undefined:undefined:undefined:undefined":2,"s:79:2:83:3":22,"s:80:4:82:6":23,"s:85:2:85:35":24,"s:86:2:86:27":25,"s:88:2:90:4":26,"f:93:16:93:38":7,"s:94:2:94:36":27}}}
,"C:\\Users\\Roxi\\smart-travel-planner\\backend\\models\\Expense.js": {"path":"C:\\Users\\Roxi\\smart-travel-planner\\backend\\models\\Expense.js","statementMap":{"0":{"start":{"line":5,"column":16},"end":{"line":40,"column":1}},"1":{"start":{"line":43,"column":0},"end":{"line":43,"column":85}},"2":{"start":{"line":44,"column":0},"end":{"line":44,"column":62}}},"fnMap":{},"branchMap":{},"s":{"0":2,"1":2,"2":2},"f":{},"b":{},"meta":{"lastBranch":0,"lastFunction":0,"lastStatement":3,"seen":{"s:5:16:40:1":0,"s:43:0:43:85":1,"s:44:0:44:62":2}}}
,"C:\\Users\\Roxi\\smart-travel-planner\\backend\\models\\Trip.js": {"path":"C:\\Users\\Roxi\\smart-travel-planner\\backend\\models\\Trip.js","statementMap":{"0":{"start":{"line":4,"column":13},"end":{"line":57,"column":1}}},"fnMap":{},"branchMap":{},"s":{"0":2},"f":{},"b":{},"meta":{"lastBranch":0,"lastFunction":0,"lastStatement":1,"seen":{"s:4:13:57:1":0}}}
,"C:\\Users\\Roxi\\smart-travel-planner\\backend\\routes\\tripsRoutes.js": {"path":"C:\\Users\\Roxi\\smart-travel-planner\\backend\\routes\\tripsRoutes.js","statementMap":{"0":{"start":{"line":18,"column":15},"end":{"line":18,"column":31}},"1":{"start":{"line":21,"column":0},"end":{"line":21,"column":35}},"2":{"start":{"line":22,"column":0},"end":{"line":22,"column":46}},"3":{"start":{"line":23,"column":0},"end":{"line":23,"column":38}},"4":{"start":{"line":25,"column":0},"end":{"line":25,"column":35}},"5":{"start":{"line":26,"column":0},"end":{"line":26,"column":37}},"6":{"start":{"line":27,"column":0},"end":{"line":27,"column":40}},"7":{"start":{"line":30,"column":0},"end":{"line":30,"column":48}},"8":{"start":{"line":31,"column":0},"end":{"line":31,"column":46}},"9":{"start":{"line":34,"column":0},"end":{"line":34,"column":51}},"10":{"start":{"line":35,"column":0},"end":{"line":35,"column":51}},"11":{"start":{"line":37,"column":0},"end":{"line":37,"column":66}},"12":{"start":{"line":38,"column":0},"end":{"line":38,"column":68}},"13":{"start":{"line":39,"column":0},"end":{"line":39,"column":71}}},"fnMap":{},"branchMap":{},"s":{"0":1,"1":1,"2":1,"3":1,"4":1,"5":1,"6":1,"7":1,"8":1,"9":1,"10":1,"11":1,"12":1,"13":1},"f":{},"b":{},"meta":{"lastBranch":0,"lastFunction":0,"lastStatement":14,"seen":{"s:18:15:18:31":0,"s:21:0:21:35":1,"s:22:0:22:46":2,"s:23:0:23:38":3,"s:25:0:25:35":4,"s:26:0:26:37":5,"s:27:0:27:40":6,"s:30:0:30:48":7,"s:31:0:31:46":8,"s:34:0:34:51":9,"s:35:0:35:51":10,"s:37:0:37:66":11,"s:38:0:38:68":12,"s:39:0:39:71":13}}}
,"C:\\Users\\Roxi\\smart-travel-planner\\backend\\services\\tripsService.js": {"path":"C:\\Users\\Roxi\\smart-travel-planner\\backend\\services\\tripsService.js","statementMap":{"0":{"start":{"line":8,"column":17},"end":{"line":8,"column":51}},"1":{"start":{"line":9,"column":16},"end":{"line":9,"column":18}},"2":{"start":{"line":11,"column":2},"end":{"line":13,"column":3}},"3":{"start":{"line":12,"column":4},"end":{"line":12,"column":38}},"4":{"start":{"line":14,"column":2},"end":{"line":16,"column":3}},"5":{"start":{"line":15,"column":4},"end":{"line":15,"column":66}},"6":{"start":{"line":17,"column":2},"end":{"line":19,"column":3}},"7":{"start":{"line":18,"column":4},"end":{"line":18,"column":76}},"8":{"start":{"line":20,"column":2},"end":{"line":22,"column":3}},"9":{"start":{"line":21,"column":4},"end":{"line":21,"column":76}},"10":{"start":{"line":24,"column":26},"end":{"line":30,"column":4}},"11":{"start":{"line":32,"column":2},"end":{"line":40,"column":4}},"12":{"start":{"line":44,"column":15},"end":{"line":46,"column":4}},"13":{"start":{"line":47,"column":2},"end":{"line":47,"column":22}},"14":{"start":{"line":51,"column":15},"end":{"line":61,"column":4}},"15":{"start":{"line":62,"column":2},"end":{"line":62,"column":30}},"16":{"start":{"line":66,"column":15},"end":{"line":66,"column":38}},"17":{"start":{"line":67,"column":2},"end":{"line":67,"column":25}},"18":{"start":{"line":67,"column":13},"end":{"line":67,"column":25}},"19":{"start":{"line":69,"column":2},"end":{"line":79,"column":5}},"20":{"start":{"line":81,"column":2},"end":{"line":81,"column":25}},"21":{"start":{"line":85,"column":15},"end":{"line":87,"column":4}},"22":{"start":{"line":88,"column":2},"end":{"line":88,"column":25}},"23":{"start":{"line":88,"column":13},"end":{"line":88,"column":25}},"24":{"start":{"line":90,"column":19},"end":{"line":90,"column":32}},"25":{"start":{"line":91,"column":2},"end":{"line":91,"column":23}},"26":{"start":{"line":92,"column":2},"end":{"line":92,"column":18}},"27":{"start":{"line":98,"column":16},"end":{"line":100,"column":4}},"28":{"start":{"line":102,"column":21},"end":{"line":102,"column":33}},"29":{"start":{"line":103,"column":22},"end":{"line":103,"column":73}},"30":{"start":{"line":103,"column":47},"end":{"line":103,"column":69}},"31":{"start":{"line":104,"column":21},"end":{"line":104,"column":71}},"32":{"start":{"line":104,"column":46},"end":{"line":104,"column":67}},"33":{"start":{"line":105,"column":30},"end":{"line":105,"column":74}},"34":{"start":{"line":107,"column":25},"end":{"line":107,"column":27}},"35":{"start":{"line":108,"column":32},"end":{"line":139,"column":4}},"36":{"start":{"line":109,"column":4},"end":{"line":109,"column":71}},"37":{"start":{"line":111,"column":31},"end":{"line":114,"column":5}},"38":{"start":{"line":112,"column":18},"end":{"line":112,"column":40}},"39":{"start":{"line":116,"column":4},"end":{"line":138,"column":6}},"40":{"start":{"line":122,"column":44},"end":{"line":122,"column":52}},"41":{"start":{"line":122,"column":66},"end":{"line":122,"column":78}},"42":{"start":{"line":141,"column":2},"end":{"line":148,"column":4}},"43":{"start":{"line":154,"column":15},"end":{"line":154,"column":42}},"44":{"start":{"line":155,"column":2},"end":{"line":155,"column":25}},"45":{"start":{"line":155,"column":13},"end":{"line":155,"column":25}},"46":{"start":{"line":157,"column":2},"end":{"line":157,"column":72}},"47":{"start":{"line":161,"column":15},"end":{"line":161,"column":42}},"48":{"start":{"line":162,"column":2},"end":{"line":162,"column":25}},"49":{"start":{"line":162,"column":13},"end":{"line":162,"column":25}},"50":{"start":{"line":164,"column":18},"end":{"line":169,"column":4}},"51":{"start":{"line":171,"column":2},"end":{"line":171,"column":17}},"52":{"start":{"line":175,"column":15},"end":{"line":175,"column":42}},"53":{"start":{"line":176,"column":2},"end":{"line":176,"column":25}},"54":{"start":{"line":176,"column":13},"end":{"line":176,"column":25}},"55":{"start":{"line":178,"column":18},"end":{"line":180,"column":4}},"56":{"start":{"line":181,"column":2},"end":{"line":181,"column":33}},"57":{"start":{"line":181,"column":16},"end":{"line":181,"column":33}},"58":{"start":{"line":183,"column":2},"end":{"line":187,"column":5}},"59":{"start":{"line":189,"column":2},"end":{"line":189,"column":17}},"60":{"start":{"line":193,"column":15},"end":{"line":193,"column":42}},"61":{"start":{"line":194,"column":2},"end":{"line":194,"column":25}},"62":{"start":{"line":194,"column":13},"end":{"line":194,"column":25}},"63":{"start":{"line":196,"column":18},"end":{"line":198,"column":4}},"64":{"start":{"line":199,"column":2},"end":{"line":199,"column":33}},"65":{"start":{"line":199,"column":16},"end":{"line":199,"column":33}},"66":{"start":{"line":201,"column":19},"end":{"line":201,"column":35}},"67":{"start":{"line":202,"column":2},"end":{"line":202,"column":26}},"68":{"start":{"line":203,"column":2},"end":{"line":203,"column":18}},"69":{"start":{"line":207,"column":15},"end":{"line":207,"column":42}},"70":{"start":{"line":208,"column":2},"end":{"line":208,"column":25}},"71":{"start":{"line":208,"column":13},"end":{"line":208,"column":25}},"72":{"start":{"line":210,"column":19},"end":{"line":210,"column":63}},"73":{"start":{"line":212,"column":24},"end":{"line":212,"column":39}},"74":{"start":{"line":213,"column":29},"end":{"line":216,"column":3}},"75":{"start":{"line":214,"column":16},"end":{"line":214,"column":38}},"76":{"start":{"line":218,"column":4},"end":{"line":218,"column":62}},"77":{"start":{"line":220,"column":25},"end":{"line":220,"column":27}},"78":{"start":{"line":221,"column":2},"end":{"line":224,"column":3}},"79":{"start":{"line":222,"column":4},"end":{"line":223,"column":59}},"80":{"start":{"line":226,"column":2},"end":{"line":233,"column":4}}},"fnMap":{"0":{"name":"getAllTrips","decl":{"start":{"line":7,"column":22},"end":{"line":7,"column":33}},"loc":{"start":{"line":7,"column":69},"end":{"line":41,"column":1}},"line":7},"1":{"name":"getTripById","decl":{"start":{"line":43,"column":22},"end":{"line":43,"column":33}},"loc":{"start":{"line":43,"column":38},"end":{"line":48,"column":1}},"line":43},"2":{"name":"createTrip","decl":{"start":{"line":50,"column":22},"end":{"line":50,"column":32}},"loc":{"start":{"line":50,"column":39},"end":{"line":63,"column":1}},"line":50},"3":{"name":"updateTrip","decl":{"start":{"line":65,"column":22},"end":{"line":65,"column":32}},"loc":{"start":{"line":65,"column":43},"end":{"line":82,"column":1}},"line":65},"4":{"name":"deleteTrip","decl":{"start":{"line":84,"column":22},"end":{"line":84,"column":32}},"loc":{"start":{"line":84,"column":37},"end":{"line":93,"column":1}},"line":84},"5":{"name":"getTripStatistics","decl":{"start":{"line":97,"column":22},"end":{"line":97,"column":39}},"loc":{"start":{"line":97,"column":42},"end":{"line":149,"column":1}},"line":97},"6":{"name":"(anonymous_6)","decl":{"start":{"line":103,"column":35},"end":{"line":103,"column":36}},"loc":{"start":{"line":103,"column":47},"end":{"line":103,"column":69}},"line":103},"7":{"name":"(anonymous_7)","decl":{"start":{"line":104,"column":34},"end":{"line":104,"column":35}},"loc":{"start":{"line":104,"column":46},"end":{"line":104,"column":67}},"line":104},"8":{"name":"(anonymous_8)","decl":{"start":{"line":108,"column":42},"end":{"line":108,"column":43}},"loc":{"start":{"line":108,"column":49},"end":{"line":139,"column":3}},"line":108},"9":{"name":"(anonymous_9)","decl":{"start":{"line":112,"column":6},"end":{"line":112,"column":7}},"loc":{"start":{"line":112,"column":18},"end":{"line":112,"column":40}},"line":112},"10":{"name":"(anonymous_10)","decl":{"start":{"line":122,"column":39},"end":{"line":122,"column":40}},"loc":{"start":{"line":122,"column":44},"end":{"line":122,"column":52}},"line":122},"11":{"name":"(anonymous_11)","decl":{"start":{"line":122,"column":61},"end":{"line":122,"column":62}},"loc":{"start":{"line":122,"column":66},"end":{"line":122,"column":78}},"line":122},"12":{"name":"getTripExpenses","decl":{"start":{"line":153,"column":22},"end":{"line":153,"column":37}},"loc":{"start":{"line":153,"column":46},"end":{"line":158,"column":1}},"line":153},"13":{"name":"addExpenseToTrip","decl":{"start":{"line":160,"column":22},"end":{"line":160,"column":38}},"loc":{"start":{"line":160,"column":53},"end":{"line":172,"column":1}},"line":160},"14":{"name":"updateTripExpense","decl":{"start":{"line":174,"column":22},"end":{"line":174,"column":39}},"loc":{"start":{"line":174,"column":65},"end":{"line":190,"column":1}},"line":174},"15":{"name":"deleteTripExpense","decl":{"start":{"line":192,"column":22},"end":{"line":192,"column":39}},"loc":{"start":{"line":192,"column":59},"end":{"line":204,"column":1}},"line":192},"16":{"name":"getTripExpenseStatistics","decl":{"start":{"line":206,"column":22},"end":{"line":206,"column":46}},"loc":{"start":{"line":206,"column":55},"end":{"line":234,"column":null}},"line":206},"17":{"name":"(anonymous_17)","decl":{"start":{"line":214,"column":4},"end":{"line":214,"column":5}},"loc":{"start":{"line":214,"column":16},"end":{"line":214,"column":38}},"line":214}},"branchMap":{"0":{"loc":{"start":{"line":7,"column":34},"end":{"line":7,"column":42}},"type":"default-arg","locations":[{"start":{"line":7,"column":41},"end":{"line":7,"column":42}}],"line":7},"1":{"loc":{"start":{"line":7,"column":44},"end":{"line":7,"column":53}},"type":"default-arg","locations":[{"start":{"line":7,"column":52},"end":{"line":7,"column":53}}],"line":7},"2":{"loc":{"start":{"line":7,"column":55},"end":{"line":7,"column":67}},"type":"default-arg","locations":[{"start":{"line":7,"column":65},"end":{"line":7,"column":67}}],"line":7},"3":{"loc":{"start":{"line":11,"column":2},"end":{"line":13,"column":3}},"type":"if","locations":[{"start":{"line":11,"column":2},"end":{"line":13,"column":3}},{"start":{},"end":{}}],"line":11},"4":{"loc":{"start":{"line":14,"column":2},"end":{"line":16,"column":3}},"type":"if","locations":[{"start":{"line":14,"column":2},"end":{"line":16,"column":3}},{"start":{},"end":{}}],"line":14},"5":{"loc":{"start":{"line":17,"column":2},"end":{"line":19,"column":3}},"type":"if","locations":[{"start":{"line":17,"column":2},"end":{"line":19,"column":3}},{"start":{},"end":{}}],"line":17},"6":{"loc":{"start":{"line":18,"column":25},"end":{"line":18,"column":43}},"type":"binary-expr","locations":[{"start":{"line":18,"column":25},"end":{"line":18,"column":37}},{"start":{"line":18,"column":41},"end":{"line":18,"column":43}}],"line":18},"7":{"loc":{"start":{"line":20,"column":2},"end":{"line":22,"column":3}},"type":"if","locations":[{"start":{"line":20,"column":2},"end":{"line":22,"column":3}},{"start":{},"end":{}}],"line":20},"8":{"loc":{"start":{"line":21,"column":25},"end":{"line":21,"column":43}},"type":"binary-expr","locations":[{"start":{"line":21,"column":25},"end":{"line":21,"column":37}},{"start":{"line":21,"column":41},"end":{"line":21,"column":43}}],"line":21},"9":{"loc":{"start":{"line":47,"column":9},"end":{"line":47,"column":21}},"type":"binary-expr","locations":[{"start":{"line":47,"column":9},"end":{"line":47,"column":13}},{"start":{"line":47,"column":17},"end":{"line":47,"column":21}}],"line":47},"10":{"loc":{"start":{"line":58,"column":11},"end":{"line":58,"column":26}},"type":"binary-expr","locations":[{"start":{"line":58,"column":11},"end":{"line":58,"column":21}},{"start":{"line":58,"column":25},"end":{"line":58,"column":26}}],"line":58},"11":{"loc":{"start":{"line":59,"column":19},"end":{"line":59,"column":43}},"type":"binary-expr","locations":[{"start":{"line":59,"column":19},"end":{"line":59,"column":37}},{"start":{"line":59,"column":41},"end":{"line":59,"column":43}}],"line":59},"12":{"loc":{"start":{"line":60,"column":17},"end":{"line":60,"column":39}},"type":"binary-expr","locations":[{"start":{"line":60,"column":17},"end":{"line":60,"column":33}},{"start":{"line":60,"column":37},"end":{"line":60,"column":39}}],"line":60},"13":{"loc":{"start":{"line":67,"column":2},"end":{"line":67,"column":25}},"type":"if","locations":[{"start":{"line":67,"column":2},"end":{"line":67,"column":25}},{"start":{},"end":{}}],"line":67},"14":{"loc":{"start":{"line":77,"column":19},"end":{"line":77,"column":59}},"type":"binary-expr","locations":[{"start":{"line":77,"column":19},"end":{"line":77,"column":37}},{"start":{"line":77,"column":41},"end":{"line":77,"column":59}}],"line":77},"15":{"loc":{"start":{"line":78,"column":17},"end":{"line":78,"column":53}},"type":"binary-expr","locations":[{"start":{"line":78,"column":17},"end":{"line":78,"column":33}},{"start":{"line":78,"column":37},"end":{"line":78,"column":53}}],"line":78},"16":{"loc":{"start":{"line":88,"column":2},"end":{"line":88,"column":25}},"type":"if","locations":[{"start":{"line":88,"column":2},"end":{"line":88,"column":25}},{"start":{},"end":{}}],"line":88},"17":{"loc":{"start":{"line":105,"column":30},"end":{"line":105,"column":74}},"type":"cond-expr","locations":[{"start":{"line":105,"column":47},"end":{"line":105,"column":70}},{"start":{"line":105,"column":73},"end":{"line":105,"column":74}}],"line":105},"18":{"loc":{"start":{"line":109,"column":34},"end":{"line":109,"column":65}},"type":"binary-expr","locations":[{"start":{"line":109,"column":34},"end":{"line":109,"column":60}},{"start":{"line":109,"column":64},"end":{"line":109,"column":65}}],"line":109},"19":{"loc":{"start":{"line":121,"column":18},"end":{"line":123,"column":11}},"type":"cond-expr","locations":[{"start":{"line":122,"column":10},"end":{"line":122,"column":86}},{"start":{"line":123,"column":10},"end":{"line":123,"column":11}}],"line":121},"20":{"loc":{"start":{"line":126,"column":8},"end":{"line":126,"column":89}},"type":"cond-expr","locations":[{"start":{"line":126,"column":31},"end":{"line":126,"column":85}},{"start":{"line":126,"column":88},"end":{"line":126,"column":89}}],"line":126},"21":{"loc":{"start":{"line":129,"column":8},"end":{"line":135,"column":26}},"type":"cond-expr","locations":[{"start":{"line":130,"column":12},"end":{"line":130,"column":23}},{"start":{"line":131,"column":12},"end":{"line":135,"column":26}}],"line":129},"22":{"loc":{"start":{"line":129,"column":8},"end":{"line":129,"column":42}},"type":"binary-expr","locations":[{"start":{"line":129,"column":8},"end":{"line":129,"column":17}},{"start":{"line":129,"column":21},"end":{"line":129,"column":42}}],"line":129},"23":{"loc":{"start":{"line":131,"column":12},"end":{"line":135,"column":26}},"type":"cond-expr","locations":[{"start":{"line":132,"column":14},"end":{"line":132,"column":27}},{"start":{"line":133,"column":14},"end":{"line":135,"column":26}}],"line":131},"24":{"loc":{"start":{"line":133,"column":14},"end":{"line":135,"column":26}},"type":"cond-expr","locations":[{"start":{"line":134,"column":16},"end":{"line":134,"column":28}},{"start":{"line":135,"column":16},"end":{"line":135,"column":26}}],"line":133},"25":{"loc":{"start":{"line":155,"column":2},"end":{"line":155,"column":25}},"type":"if","locations":[{"start":{"line":155,"column":2},"end":{"line":155,"column":25}},{"start":{},"end":{}}],"line":155},"26":{"loc":{"start":{"line":162,"column":2},"end":{"line":162,"column":25}},"type":"if","locations":[{"start":{"line":162,"column":2},"end":{"line":162,"column":25}},{"start":{},"end":{}}],"line":162},"27":{"loc":{"start":{"line":176,"column":2},"end":{"line":176,"column":25}},"type":"if","locations":[{"start":{"line":176,"column":2},"end":{"line":176,"column":25}},{"start":{},"end":{}}],"line":176},"28":{"loc":{"start":{"line":181,"column":2},"end":{"line":181,"column":33}},"type":"if","locations":[{"start":{"line":181,"column":2},"end":{"line":181,"column":33}},{"start":{},"end":{}}],"line":181},"29":{"loc":{"start":{"line":194,"column":2},"end":{"line":194,"column":25}},"type":"if","locations":[{"start":{"line":194,"column":2},"end":{"line":194,"column":25}},{"start":{},"end":{}}],"line":194},"30":{"loc":{"start":{"line":199,"column":2},"end":{"line":199,"column":33}},"type":"if","locations":[{"start":{"line":199,"column":2},"end":{"line":199,"column":33}},{"start":{},"end":{}}],"line":199},"31":{"loc":{"start":{"line":208,"column":2},"end":{"line":208,"column":25}},"type":"if","locations":[{"start":{"line":208,"column":2},"end":{"line":208,"column":25}},{"start":{},"end":{}}],"line":208},"32":{"loc":{"start":{"line":218,"column":4},"end":{"line":218,"column":62}},"type":"cond-expr","locations":[{"start":{"line":218,"column":24},"end":{"line":218,"column":58}},{"start":{"line":218,"column":61},"end":{"line":218,"column":62}}],"line":218},"33":{"loc":{"start":{"line":223,"column":7},"end":{"line":223,"column":38}},"type":"binary-expr","locations":[{"start":{"line":223,"column":7},"end":{"line":223,"column":33}},{"start":{"line":223,"column":37},"end":{"line":223,"column":38}}],"line":223}},"s":{"0":10,"1":10,"2":10,"3":2,"4":10,"5":2,"6":10,"7":2,"8":10,"9":2,"10":10,"11":10,"12":9,"13":9,"14":2,"15":2,"16":4,"17":4,"18":2,"19":2,"20":2,"21":4,"22":4,"23":2,"24":2,"25":2,"26":2,"27":2,"28":2,"29":2,"30":14,"31":2,"32":14,"33":2,"34":2,"35":2,"36":14,"37":14,"38":6,"39":14,"40":30,"41":30,"42":2,"43":4,"44":4,"45":2,"46":2,"47":4,"48":4,"49":2,"50":2,"51":2,"52":4,"53":4,"54":0,"55":4,"56":4,"57":2,"58":2,"59":2,"60":3,"61":3,"62":0,"63":3,"64":3,"65":1,"66":2,"67":2,"68":2,"69":4,"70":4,"71":2,"72":2,"73":2,"74":2,"75":6,"76":2,"77":4,"78":4,"79":6,"80":2},"f":{"0":10,"1":9,"2":2,"3":4,"4":4,"5":2,"6":14,"7":14,"8":14,"9":6,"10":30,"11":30,"12":4,"13":4,"14":4,"15":3,"16":4,"17":6},"b":{"0":[10],"1":[10],"2":[10],"3":[2,8],"4":[2,8],"5":[2,8],"6":[2,2],"7":[2,8],"8":[2,0],"9":[9,3],"10":[2,0],"11":[2,0],"12":[2,0],"13":[2,2],"14":[2,0],"15":[4,0],"16":[2,2],"17":[2,0],"18":[14,12],"19":[14,0],"20":[14,0],"21":[0,14],"22":[14,14],"23":[2,12],"24":[2,10],"25":[2,2],"26":[2,2],"27":[0,4],"28":[2,2],"29":[0,3],"30":[1,2],"31":[2,2],"32":[2,0],"33":[6,6]},"meta":{"lastBranch":34,"lastFunction":18,"lastStatement":81,"seen":{"f:7:22:7:33":0,"b:7:41:7:42":0,"b:7:52:7:53":1,"b:7:65:7:67":2,"s:8:17:8:51":0,"s:9:16:9:18":1,"b:11:2:13:3:undefined:undefined:undefined:undefined":3,"s:11:2:13:3":2,"s:12:4:12:38":3,"b:14:2:16:3:undefined:undefined:undefined:undefined":4,"s:14:2:16:3":4,"s:15:4:15:66":5,"b:17:2:19:3:undefined:undefined:undefined:undefined":5,"s:17:2:19:3":6,"s:18:4:18:76":7,"b:18:25:18:37:18:41:18:43":6,"b:20:2:22:3:undefined:undefined:undefined:undefined":7,"s:20:2:22:3":8,"s:21:4:21:76":9,"b:21:25:21:37:21:41:21:43":8,"s:24:26:30:4":10,"s:32:2:40:4":11,"f:43:22:43:33":1,"s:44:15:46:4":12,"s:47:2:47:22":13,"b:47:9:47:13:47:17:47:21":9,"f:50:22:50:32":2,"s:51:15:61:4":14,"b:58:11:58:21:58:25:58:26":10,"b:59:19:59:37:59:41:59:43":11,"b:60:17:60:33:60:37:60:39":12,"s:62:2:62:30":15,"f:65:22:65:32":3,"s:66:15:66:38":16,"b:67:2:67:25:undefined:undefined:undefined:undefined":13,"s:67:2:67:25":17,"s:67:13:67:25":18,"s:69:2:79:5":19,"b:77:19:77:37:77:41:77:59":14,"b:78:17:78:33:78:37:78:53":15,"s:81:2:81:25":20,"f:84:22:84:32":4,"s:85:15:87:4":21,"b:88:2:88:25:undefined:undefined:undefined:undefined":16,"s:88:2:88:25":22,"s:88:13:88:25":23,"s:90:19:90:32":24,"s:91:2:91:23":25,"s:92:2:92:18":26,"f:97:22:97:39":5,"s:98:16:100:4":27,"s:102:21:102:33":28,"s:103:22:103:73":29,"f:103:35:103:36":6,"s:103:47:103:69":30,"s:104:21:104:71":31,"f:104:34:104:35":7,"s:104:46:104:67":32,"s:105:30:105:74":33,"b:105:47:105:70:105:73:105:74":17,"s:107:25:107:27":34,"s:108:32:139:4":35,"f:108:42:108:43":8,"s:109:4:109:71":36,"b:109:34:109:60:109:64:109:65":18,"s:111:31:114:5":37,"f:112:6:112:7":9,"s:112:18:112:40":38,"s:116:4:138:6":39,"b:122:10:122:86:123:10:123:11":19,"f:122:39:122:40":10,"s:122:44:122:52":40,"f:122:61:122:62":11,"s:122:66:122:78":41,"b:126:31:126:85:126:88:126:89":20,"b:130:12:130:23:131:12:135:26":21,"b:129:8:129:17:129:21:129:42":22,"b:132:14:132:27:133:14:135:26":23,"b:134:16:134:28:135:16:135:26":24,"s:141:2:148:4":42,"f:153:22:153:37":12,"s:154:15:154:42":43,"b:155:2:155:25:undefined:undefined:undefined:undefined":25,"s:155:2:155:25":44,"s:155:13:155:25":45,"s:157:2:157:72":46,"f:160:22:160:38":13,"s:161:15:161:42":47,"b:162:2:162:25:undefined:undefined:undefined:undefined":26,"s:162:2:162:25":48,"s:162:13:162:25":49,"s:164:18:169:4":50,"s:171:2:171:17":51,"f:174:22:174:39":14,"s:175:15:175:42":52,"b:176:2:176:25:undefined:undefined:undefined:undefined":27,"s:176:2:176:25":53,"s:176:13:176:25":54,"s:178:18:180:4":55,"b:181:2:181:33:undefined:undefined:undefined:undefined":28,"s:181:2:181:33":56,"s:181:16:181:33":57,"s:183:2:187:5":58,"s:189:2:189:17":59,"f:192:22:192:39":15,"s:193:15:193:42":60,"b:194:2:194:25:undefined:undefined:undefined:undefined":29,"s:194:2:194:25":61,"s:194:13:194:25":62,"s:196:18:198:4":63,"b:199:2:199:33:undefined:undefined:undefined:undefined":30,"s:199:2:199:33":64,"s:199:16:199:33":65,"s:201:19:201:35":66,"s:202:2:202:26":67,"s:203:2:203:18":68,"f:206:22:206:46":16,"s:207:15:207:42":69,"b:208:2:208:25:undefined:undefined:undefined:undefined":31,"s:208:2:208:25":70,"s:208:13:208:25":71,"s:210:19:210:63":72,"s:212:24:212:39":73,"s:213:29:216:3":74,"f:214:4:214:5":17,"s:214:16:214:38":75,"s:218:4:218:62":76,"b:218:24:218:58:218:61:218:62":32,"s:220:25:220:27":77,"s:221:2:224:3":78,"s:222:4:223:59":79,"b:223:7:223:33:223:37:223:38":33,"s:226:2:233:4":80}}}
,"C:\\Users\\Roxi\\smart-travel-planner\\backend\\validators\\tripValidator.js": {"path":"C:\\Users\\Roxi\\smart-travel-planner\\backend\\validators\\tripValidator.js","statementMap":{"0":{"start":{"line":1,"column":27},"end":{"line":9,"column":1}},"1":{"start":{"line":12,"column":17},"end":{"line":12,"column":19}},"2":{"start":{"line":14,"column":2},"end":{"line":16,"column":3}},"3":{"start":{"line":15,"column":4},"end":{"line":15,"column":47}},"4":{"start":{"line":18,"column":2},"end":{"line":20,"column":3}},"5":{"start":{"line":19,"column":4},"end":{"line":19,"column":52}},"6":{"start":{"line":22,"column":2},"end":{"line":24,"column":3}},"7":{"start":{"line":23,"column":4},"end":{"line":23,"column":49}},"8":{"start":{"line":26,"column":2},"end":{"line":28,"column":3}},"9":{"start":{"line":27,"column":4},"end":{"line":27,"column":45}},"10":{"start":{"line":30,"column":2},"end":{"line":32,"column":3}},"11":{"start":{"line":31,"column":4},"end":{"line":31,"column":58}},"12":{"start":{"line":34,"column":2},"end":{"line":38,"column":3}},"13":{"start":{"line":35,"column":4},"end":{"line":35,"column":46}},"14":{"start":{"line":36,"column":9},"end":{"line":38,"column":3}},"15":{"start":{"line":37,"column":4},"end":{"line":37,"column":45}},"16":{"start":{"line":40,"column":2},"end":{"line":44,"column":3}},"17":{"start":{"line":41,"column":4},"end":{"line":41,"column":42}},"18":{"start":{"line":42,"column":9},"end":{"line":44,"column":3}},"19":{"start":{"line":43,"column":4},"end":{"line":43,"column":66}},"20":{"start":{"line":46,"column":2},"end":{"line":50,"column":3}},"21":{"start":{"line":47,"column":4},"end":{"line":47,"column":47}},"22":{"start":{"line":48,"column":9},"end":{"line":50,"column":3}},"23":{"start":{"line":49,"column":4},"end":{"line":49,"column":71}},"24":{"start":{"line":52,"column":2},"end":{"line":52,"column":16}}},"fnMap":{"0":{"name":"validateTrip","decl":{"start":{"line":11,"column":16},"end":{"line":11,"column":28}},"loc":{"start":{"line":11,"column":35},"end":{"line":53,"column":null}},"line":11}},"branchMap":{"0":{"loc":{"start":{"line":14,"column":2},"end":{"line":16,"column":3}},"type":"if","locations":[{"start":{"line":14,"column":2},"end":{"line":16,"column":3}},{"start":{},"end":{}}],"line":14},"1":{"loc":{"start":{"line":14,"column":6},"end":{"line":14,"column":45}},"type":"binary-expr","locations":[{"start":{"line":14,"column":6},"end":{"line":14,"column":20}},{"start":{"line":14,"column":24},"end":{"line":14,"column":45}}],"line":14},"2":{"loc":{"start":{"line":18,"column":2},"end":{"line":20,"column":3}},"type":"if","locations":[{"start":{"line":18,"column":2},"end":{"line":20,"column":3}},{"start":{},"end":{}}],"line":18},"3":{"loc":{"start":{"line":18,"column":6},"end":{"line":18,"column":51}},"type":"binary-expr","locations":[{"start":{"line":18,"column":6},"end":{"line":18,"column":23}},{"start":{"line":18,"column":27},"end":{"line":18,"column":51}}],"line":18},"4":{"loc":{"start":{"line":22,"column":2},"end":{"line":24,"column":3}},"type":"if","locations":[{"start":{"line":22,"column":2},"end":{"line":24,"column":3}},{"start":{},"end":{}}],"line":22},"5":{"loc":{"start":{"line":26,"column":2},"end":{"line":28,"column":3}},"type":"if","locations":[{"start":{"line":26,"column":2},"end":{"line":28,"column":3}},{"start":{},"end":{}}],"line":26},"6":{"loc":{"start":{"line":30,"column":2},"end":{"line":32,"column":3}},"type":"if","locations":[{"start":{"line":30,"column":2},"end":{"line":32,"column":3}},{"start":{},"end":{}}],"line":30},"7":{"loc":{"start":{"line":30,"column":6},"end":{"line":30,"column":69}},"type":"binary-expr","locations":[{"start":{"line":30,"column":6},"end":{"line":30,"column":20}},{"start":{"line":30,"column":24},"end":{"line":30,"column":36}},{"start":{"line":30,"column":40},"end":{"line":30,"column":69}}],"line":30},"8":{"loc":{"start":{"line":34,"column":2},"end":{"line":38,"column":3}},"type":"if","locations":[{"start":{"line":34,"column":2},"end":{"line":38,"column":3}},{"start":{"line":36,"column":9},"end":{"line":38,"column":3}}],"line":34},"9":{"loc":{"start":{"line":36,"column":9},"end":{"line":38,"column":3}},"type":"if","locations":[{"start":{"line":36,"column":9},"end":{"line":38,"column":3}},{"start":{},"end":{}}],"line":36},"10":{"loc":{"start":{"line":40,"column":2},"end":{"line":44,"column":3}},"type":"if","locations":[{"start":{"line":40,"column":2},"end":{"line":44,"column":3}},{"start":{"line":42,"column":9},"end":{"line":44,"column":3}}],"line":40},"11":{"loc":{"start":{"line":40,"column":6},"end":{"line":40,"column":95}},"type":"binary-expr","locations":[{"start":{"line":40,"column":6},"end":{"line":40,"column":31}},{"start":{"line":40,"column":35},"end":{"line":40,"column":55}},{"start":{"line":40,"column":59},"end":{"line":40,"column":95}}],"line":40},"12":{"loc":{"start":{"line":42,"column":9},"end":{"line":44,"column":3}},"type":"if","locations":[{"start":{"line":42,"column":9},"end":{"line":44,"column":3}},{"start":{},"end":{}}],"line":42},"13":{"loc":{"start":{"line":42,"column":13},"end":{"line":42,"column":66}},"type":"binary-expr","locations":[{"start":{"line":42,"column":13},"end":{"line":42,"column":39}},{"start":{"line":42,"column":43},"end":{"line":42,"column":66}}],"line":42},"14":{"loc":{"start":{"line":46,"column":2},"end":{"line":50,"column":3}},"type":"if","locations":[{"start":{"line":46,"column":2},"end":{"line":50,"column":3}},{"start":{"line":48,"column":9},"end":{"line":50,"column":3}}],"line":46},"15":{"loc":{"start":{"line":46,"column":6},"end":{"line":46,"column":92}},"type":"binary-expr","locations":[{"start":{"line":46,"column":6},"end":{"line":46,"column":30}},{"start":{"line":46,"column":34},"end":{"line":46,"column":53}},{"start":{"line":46,"column":57},"end":{"line":46,"column":92}}],"line":46},"16":{"loc":{"start":{"line":48,"column":9},"end":{"line":50,"column":3}},"type":"if","locations":[{"start":{"line":48,"column":9},"end":{"line":50,"column":3}},{"start":{},"end":{}}],"line":48},"17":{"loc":{"start":{"line":48,"column":13},"end":{"line":48,"column":64}},"type":"binary-expr","locations":[{"start":{"line":48,"column":13},"end":{"line":48,"column":38}},{"start":{"line":48,"column":42},"end":{"line":48,"column":64}}],"line":48}},"s":{"0":2,"1":9,"2":9,"3":2,"4":9,"5":2,"6":9,"7":2,"8":9,"9":2,"10":9,"11":1,"12":9,"13":2,"14":7,"15":1,"16":9,"17":2,"18":7,"19":1,"20":9,"21":2,"22":7,"23":1,"24":9},"f":{"0":9},"b":{"0":[2,7],"1":[9,7],"2":[2,7],"3":[9,7],"4":[2,7],"5":[2,7],"6":[1,8],"7":[9,7,7],"8":[2,7],"9":[1,6],"10":[2,7],"11":[9,9,9],"12":[1,6],"13":[7,7],"14":[2,7],"15":[9,9,9],"16":[1,6],"17":[7,7]},"meta":{"lastBranch":18,"lastFunction":1,"lastStatement":25,"seen":{"s:1:27:9:1":0,"f:11:16:11:28":0,"s:12:17:12:19":1,"b:14:2:16:3:undefined:undefined:undefined:undefined":0,"s:14:2:16:3":2,"b:14:6:14:20:14:24:14:45":1,"s:15:4:15:47":3,"b:18:2:20:3:undefined:undefined:undefined:undefined":2,"s:18:2:20:3":4,"b:18:6:18:23:18:27:18:51":3,"s:19:4:19:52":5,"b:22:2:24:3:undefined:undefined:undefined:undefined":4,"s:22:2:24:3":6,"s:23:4:23:49":7,"b:26:2:28:3:undefined:undefined:undefined:undefined":5,"s:26:2:28:3":8,"s:27:4:27:45":9,"b:30:2:32:3:undefined:undefined:undefined:undefined":6,"s:30:2:32:3":10,"b:30:6:30:20:30:24:30:36:30:40:30:69":7,"s:31:4:31:58":11,"b:34:2:38:3:36:9:38:3":8,"s:34:2:38:3":12,"s:35:4:35:46":13,"b:36:9:38:3:undefined:undefined:undefined:undefined":9,"s:36:9:38:3":14,"s:37:4:37:45":15,"b:40:2:44:3:42:9:44:3":10,"s:40:2:44:3":16,"b:40:6:40:31:40:35:40:55:40:59:40:95":11,"s:41:4:41:42":17,"b:42:9:44:3:undefined:undefined:undefined:undefined":12,"s:42:9:44:3":18,"b:42:13:42:39:42:43:42:66":13,"s:43:4:43:66":19,"b:46:2:50:3:48:9:50:3":14,"s:46:2:50:3":20,"b:46:6:46:30:46:34:46:53:46:57:46:92":15,"s:47:4:47:47":21,"b:48:9:50:3:undefined:undefined:undefined:undefined":16,"s:48:9:50:3":22,"b:48:13:48:38:48:42:48:64":17,"s:49:4:49:71":23,"s:52:2:52:16":24}}}
,"C:\\Users\\Roxi\\smart-travel-planner\\backend\\websocket\\wsServer.js": {"path":"C:\\Users\\Roxi\\smart-travel-planner\\backend\\websocket\\wsServer.js","statementMap":{"0":{"start":{"line":1,"column":23},"end":{"line":1,"column":27}},"1":{"start":{"line":4,"column":2},"end":{"line":4,"column":25}},"2":{"start":{"line":8,"column":2},"end":{"line":10,"column":3}},"3":{"start":{"line":9,"column":4},"end":{"line":9,"column":11}},"4":{"start":{"line":12,"column":18},"end":{"line":15,"column":4}},"5":{"start":{"line":17,"column":2},"end":{"line":21,"column":5}},"6":{"start":{"line":18,"column":4},"end":{"line":20,"column":5}},"7":{"start":{"line":19,"column":6},"end":{"line":19,"column":27}}},"fnMap":{"0":{"name":"setWebSocketServerInstance","decl":{"start":{"line":3,"column":16},"end":{"line":3,"column":42}},"loc":{"start":{"line":3,"column":48},"end":{"line":5,"column":1}},"line":3},"1":{"name":"broadcastNewTrips","decl":{"start":{"line":7,"column":16},"end":{"line":7,"column":33}},"loc":{"start":{"line":7,"column":44},"end":{"line":22,"column":null}},"line":7},"2":{"name":"(anonymous_2)","decl":{"start":{"line":17,"column":35},"end":{"line":17,"column":36}},"loc":{"start":{"line":17,"column":47},"end":{"line":21,"column":3}},"line":17}},"branchMap":{"0":{"loc":{"start":{"line":8,"column":2},"end":{"line":10,"column":3}},"type":"if","locations":[{"start":{"line":8,"column":2},"end":{"line":10,"column":3}},{"start":{},"end":{}}],"line":8},"1":{"loc":{"start":{"line":18,"column":4},"end":{"line":20,"column":5}},"type":"if","locations":[{"start":{"line":18,"column":4},"end":{"line":20,"column":5}},{"start":{},"end":{}}],"line":18}},"s":{"0":1,"1":0,"2":0,"3":0,"4":0,"5":0,"6":0,"7":0},"f":{"0":0,"1":0,"2":0},"b":{"0":[0,0],"1":[0,0]},"meta":{"lastBranch":2,"lastFunction":3,"lastStatement":8,"seen":{"s:1:23:1:27":0,"f:3:16:3:42":0,"s:4:2:4:25":1,"f:7:16:7:33":1,"b:8:2:10:3:undefined:undefined:undefined:undefined":0,"s:8:2:10:3":2,"s:9:4:9:11":3,"s:12:18:15:4":4,"s:17:2:21:5":5,"f:17:35:17:36":2,"b:18:4:20:5:undefined:undefined:undefined:undefined":1,"s:18:4:20:5":6,"s:19:6:19:27":7}}}
}
